Arguments: 
  C:\Program Files\nodejs\node.exe C:\Users\Alex\AppData\Roaming\npm\node_modules\yarn\bin\yarn.js add @react-navigation/native

PATH: 
  C:\Python310\Scripts\;C:\Python310\;C:\Program Files (x86)\VMware\VMware Player\bin\;C:\Program Files\Common Files\Oracle\Java\javapath;C:\WINDOWS\system32;C:\WINDOWS;C:\WINDOWS\System32\Wbem;C:\WINDOWS\System32\WindowsPowerShell\v1.0\;C:\WINDOWS\System32\OpenSSH\;C:\Program Files\Java\jdk-16.0.2\bin;C:\Program Files\nodejs\;C:\ProgramData\chocolatey\bin;C:\Users\Alex\AppData\Local\Microsoft\WindowsApps;;C:\Users\Alex\AppData\Local\Programs\Microsoft VS Code\bin;C:\Users\Alex\AppData\Roaming\npm

Yarn version: 
  1.22.17

Node version: 
  14.18.1

Platform: 
  win32 x64

Trace: 
  Error: https://registry.yarnpkg.com/hermes-engine/-/hermes-engine-0.7.2.tgz: EPERM: operation not permitted, open 'C:\Users\Alex\AppData\Local\Yarn\Cache\v6\npm-hermes-engine-0.7.2-303cd99d23f68e708b223aec2d49d5872985388b-integrity\node_modules\hermes-engine\.yarn-tarball.tgz'

npm manifest: 
  {
    "main": "node_modules/expo/AppEntry.js",
    "scripts": {
      "start": "expo start",
      "android": "expo start --android",
      "ios": "expo start --ios",
      "web": "expo start --web",
      "eject": "expo eject"
    },
    "dependencies": {
      "expo": "~43.0.0",
      "expo-status-bar": "~1.1.0",
      "react": "17.0.1",
      "react-dom": "17.0.1",
      "react-native": "0.64.2",
      "react-native-web": "0.17.1"
    },
    "devDependencies": {
      "@babel/core": "^7.12.9"
    },
    "private": true
  }

yarn manifest: 
  No manifest

Lockfile: 
  No lockfile
